<?xml version="1.0" encoding="UTF-8"?>
<!-- Generated by org.testng.reporters.JUnitReportReporter -->
<testsuite skipped="0" hostname="mounika-PC" name="api.demo.TC001_GET_Request" tests="1" failures="0" timestamp="08 Aug 2019 06:36:45 GMT" time="1.302" errors="1">
  <testcase name="getweatherDetails" time="1.302" classname="api.demo.TC001_GET_Request">
    <error type="java.lang.NoClassDefFoundError" message="org/hamcrest/core/CombinableMatcher">
      <![CDATA[java.lang.NoClassDefFoundError: org/hamcrest/core/CombinableMatcher
	at java.lang.ClassLoader.defineClass1(Native Method)
	at java.lang.ClassLoader.defineClass(Unknown Source)
	at java.security.SecureClassLoader.defineClass(Unknown Source)
	at java.net.URLClassLoader.defineClass(Unknown Source)
	at java.net.URLClassLoader.access$100(Unknown Source)
	at java.net.URLClassLoader$1.run(Unknown Source)
	at java.net.URLClassLoader$1.run(Unknown Source)
	at java.security.AccessController.doPrivileged(Native Method)
	at java.net.URLClassLoader.findClass(Unknown Source)
	at java.lang.ClassLoader.loadClass(Unknown Source)
	at sun.misc.Launcher$AppClassLoader.loadClass(Unknown Source)
	at java.lang.ClassLoader.loadClass(Unknown Source)
	at java.lang.Class.getDeclaredMethods0(Native Method)
	at java.lang.Class.privateGetDeclaredMethods(Unknown Source)
	at java.lang.Class.privateGetPublicMethods(Unknown Source)
	at java.lang.Class.getMethods(Unknown Source)
	at java.beans.Introspector.getPublicDeclaredMethods(Unknown Source)
	at java.beans.Introspector.getTargetMethodInfo(Unknown Source)
	at java.beans.Introspector.getBeanInfo(Unknown Source)
	at java.beans.Introspector.getBeanInfo(Unknown Source)
	at groovy.lang.MetaClassImpl$15.run(MetaClassImpl.java:3328)
	at java.security.AccessController.doPrivileged(Native Method)
	at groovy.lang.MetaClassImpl.addProperties(MetaClassImpl.java:3326)
	at groovy.lang.MetaClassImpl.initialize(MetaClassImpl.java:3303)
	at org.codehaus.groovy.reflection.ClassInfo.getMetaClassUnderLock(ClassInfo.java:289)
	at org.codehaus.groovy.reflection.ClassInfo.getMetaClass(ClassInfo.java:331)
	at io.restassured.internal.ResponseSpecificationImpl.$getStaticMetaClass(ResponseSpecificationImpl.groovy)
	at io.restassured.internal.ResponseSpecificationImpl.<init>(ResponseSpecificationImpl.groovy:53)
	at io.restassured.internal.ResponseSpecificationImpl.<init>(ResponseSpecificationImpl.groovy:69)
	at io.restassured.RestAssured.createTestSpecification(RestAssured.java:1510)
	at io.restassured.RestAssured.given(RestAssured.java:711)
	at api.demo.TC001_GET_Request.getweatherDetails(TC001_GET_Request.java:18)
	at sun.reflect.NativeMethodAccessorImpl.invoke0(Native Method)
	at sun.reflect.NativeMethodAccessorImpl.invoke(Unknown Source)
	at sun.reflect.DelegatingMethodAccessorImpl.invoke(Unknown Source)
	at java.lang.reflect.Method.invoke(Unknown Source)
	at org.testng.internal.MethodInvocationHelper.invokeMethod(MethodInvocationHelper.java:108)
	at org.testng.internal.Invoker.invokeMethod(Invoker.java:669)
	at org.testng.internal.Invoker.invokeTestMethod(Invoker.java:877)
	at org.testng.internal.Invoker.invokeTestMethods(Invoker.java:1201)
	at org.testng.internal.TestMethodWorker.invokeTestMethods(TestMethodWorker.java:125)
	at org.testng.internal.TestMethodWorker.run(TestMethodWorker.java:109)
	at org.testng.TestRunner.privateRun(TestRunner.java:776)
	at org.testng.TestRunner.run(TestRunner.java:634)
	at org.testng.SuiteRunner.runTest(SuiteRunner.java:425)
	at org.testng.SuiteRunner.runSequentially(SuiteRunner.java:420)
	at org.testng.SuiteRunner.privateRun(SuiteRunner.java:385)
	at org.testng.SuiteRunner.run(SuiteRunner.java:334)
	at org.testng.SuiteRunnerWorker.runSuite(SuiteRunnerWorker.java:52)
	at org.testng.SuiteRunnerWorker.run(SuiteRunnerWorker.java:86)
	at org.testng.TestNG.runSuitesSequentially(TestNG.java:1318)
	at org.testng.TestNG.runSuitesLocally(TestNG.java:1243)
	at org.testng.TestNG.runSuites(TestNG.java:1161)
	at org.testng.TestNG.run(TestNG.java:1129)
	at org.testng.remote.AbstractRemoteTestNG.run(AbstractRemoteTestNG.java:114)
	at org.testng.remote.RemoteTestNG.initAndRun(RemoteTestNG.java:251)
	at org.testng.remote.RemoteTestNG.main(RemoteTestNG.java:77)
Caused by: java.lang.ClassNotFoundException: org.hamcrest.core.CombinableMatcher
	at java.net.URLClassLoader.findClass(Unknown Source)
	at java.lang.ClassLoader.loadClass(Unknown Source)
	at sun.misc.Launcher$AppClassLoader.loadClass(Unknown Source)
	at java.lang.ClassLoader.loadClass(Unknown Source)
	... 57 more
]]>
    </error>
  </testcase> <!-- getweatherDetails -->
</testsuite> <!-- api.demo.TC001_GET_Request -->
