<?xml version="1.0" encoding="UTF-8"?>
<!-- Generated by org.testng.reporters.JUnitReportReporter -->
<testsuite skipped="0" hostname="mounika-PC" name="api.demo.TC007_GET_Request_Autherization" tests="1" failures="0" timestamp="08 Aug 2019 06:50:00 GMT" time="3.462" errors="0">
  <testcase name="test" time="3.462" classname="api.demo.TC007_GET_Request_Autherization"/>
</testsuite> <!-- api.demo.TC007_GET_Request_Autherization -->
