<?xml version="1.0" encoding="UTF-8"?>
<!-- Generated by org.testng.reporters.JUnitReportReporter -->
<testsuite skipped="0" hostname="mounika-PC" name="dataDrivenTesting.DataDrivenTest_AddNewEmployees" tests="5" failures="0" timestamp="08 Aug 2019 07:57:32 GMT" time="6.690" errors="0">
  <testcase name="postNewEmployee" time="0.863" classname="dataDrivenTesting.DataDrivenTest_AddNewEmployees"/>
  <testcase name="postNewEmployee" time="0.749" classname="dataDrivenTesting.DataDrivenTest_AddNewEmployees"/>
  <testcase name="postNewEmployee" time="0.910" classname="dataDrivenTesting.DataDrivenTest_AddNewEmployees"/>
  <testcase name="postNewEmployee" time="3.402" classname="dataDrivenTesting.DataDrivenTest_AddNewEmployees"/>
  <testcase name="postNewEmployee" time="0.766" classname="dataDrivenTesting.DataDrivenTest_AddNewEmployees"/>
</testsuite> <!-- dataDrivenTesting.DataDrivenTest_AddNewEmployees -->
