<?xml version="1.0" encoding="UTF-8"?>
<!-- Generated by org.testng.reporters.JUnitReportReporter -->
<testsuite skipped="0" hostname="mounika-PC" name="api.demo.TC006_GET_ExtractValueOfEachNodeInJson" tests="1" failures="0" timestamp="08 Aug 2019 06:48:55 GMT" time="3.509" errors="0">
  <testcase name="GetWeatherDetails" time="3.509" classname="api.demo.TC006_GET_ExtractValueOfEachNodeInJson"/>
</testsuite> <!-- api.demo.TC006_GET_ExtractValueOfEachNodeInJson -->
