<?xml version="1.0" encoding="UTF-8"?>
<!-- Generated by org.testng.reporters.JUnitReportReporter -->
<testsuite skipped="0" hostname="mounika-PC" name="test.WebServicesTest" tests="1" failures="0" timestamp="06 Aug 2019 18:26:36 GMT" time="2.825" errors="0">
  <testcase name="test" time="2.825" classname="test.WebServicesTest"/>
</testsuite> <!-- test.WebServicesTest -->
