<?xml version="1.0" encoding="UTF-8"?>
<!-- Generated by org.testng.reporters.JUnitReportReporter -->
<testsuite skipped="0" hostname="mounika-PC" name="api.demo.Tc004_GEt_Request_printAllHeaders" tests="1" failures="0" timestamp="08 Aug 2019 05:10:15 GMT" time="5.411" errors="0">
  <testcase name="GetWeatherDetails" time="5.411" classname="api.demo.Tc004_GEt_Request_printAllHeaders"/>
</testsuite> <!-- api.demo.Tc004_GEt_Request_printAllHeaders -->
