<?xml version="1.0" encoding="UTF-8"?>
<!-- Generated by org.testng.reporters.JUnitReportReporter -->
<testsuite skipped="0" hostname="mounika-PC" name="api.demo.TC005_GET_ValidatingJSONResponse" tests="1" failures="0" timestamp="08 Aug 2019 05:19:37 GMT" time="4.322" errors="0">
  <testcase name="GetWeatherDetails" time="4.322" classname="api.demo.TC005_GET_ValidatingJSONResponse"/>
</testsuite> <!-- api.demo.TC005_GET_ValidatingJSONResponse -->
